mode: set
github.com/whatap/golib/util/urlutil/URL.go:25.30,32.2 4 1
github.com/whatap/golib/util/urlutil/URL.go:33.29,34.47 1 0
github.com/whatap/golib/util/urlutil/URL.go:34.47,38.25 4 0
github.com/whatap/golib/util/urlutil/URL.go:47.3,48.15 2 0
github.com/whatap/golib/util/urlutil/URL.go:52.3,53.22 2 0
github.com/whatap/golib/util/urlutil/URL.go:56.3,61.17 4 0
github.com/whatap/golib/util/urlutil/URL.go:64.3,66.17 3 0
github.com/whatap/golib/util/urlutil/URL.go:38.25,39.49 1 0
github.com/whatap/golib/util/urlutil/URL.go:39.49,41.5 1 0
github.com/whatap/golib/util/urlutil/URL.go:41.10,43.5 1 0
github.com/whatap/golib/util/urlutil/URL.go:44.9,46.4 1 0
github.com/whatap/golib/util/urlutil/URL.go:48.15,50.4 1 0
github.com/whatap/golib/util/urlutil/URL.go:53.22,55.4 1 0
github.com/whatap/golib/util/urlutil/URL.go:61.17,63.4 1 0
github.com/whatap/golib/util/urlutil/URL.go:66.17,68.4 1 0
github.com/whatap/golib/util/urlutil/URL.go:70.9,72.3 0 0
github.com/whatap/golib/util/urlutil/URL.go:74.28,81.51 5 1
github.com/whatap/golib/util/urlutil/URL.go:87.2,87.53 1 1
github.com/whatap/golib/util/urlutil/URL.go:92.2,94.14 3 1
github.com/whatap/golib/util/urlutil/URL.go:100.2,101.14 2 1
github.com/whatap/golib/util/urlutil/URL.go:129.2,130.14 2 1
github.com/whatap/golib/util/urlutil/URL.go:141.2,143.16 3 1
github.com/whatap/golib/util/urlutil/URL.go:146.2,148.16 3 1
github.com/whatap/golib/util/urlutil/URL.go:81.51,84.3 2 1
github.com/whatap/golib/util/urlutil/URL.go:84.8,86.3 1 1
github.com/whatap/golib/util/urlutil/URL.go:87.53,89.3 1 1
github.com/whatap/golib/util/urlutil/URL.go:94.14,97.3 2 1
github.com/whatap/golib/util/urlutil/URL.go:101.14,107.15 4 1
github.com/whatap/golib/util/urlutil/URL.go:107.15,111.4 3 1
github.com/whatap/golib/util/urlutil/URL.go:111.9,112.32 1 1
github.com/whatap/golib/util/urlutil/URL.go:112.32,114.5 1 1
github.com/whatap/golib/util/urlutil/URL.go:114.10,116.5 1 1
github.com/whatap/golib/util/urlutil/URL.go:119.8,121.31 2 1
github.com/whatap/golib/util/urlutil/URL.go:121.31,123.4 1 1
github.com/whatap/golib/util/urlutil/URL.go:123.9,125.4 1 0
github.com/whatap/golib/util/urlutil/URL.go:130.14,134.3 1 0
github.com/whatap/golib/util/urlutil/URL.go:134.8,138.3 1 1
github.com/whatap/golib/util/urlutil/URL.go:143.16,145.3 1 0
github.com/whatap/golib/util/urlutil/URL.go:148.16,150.3 1 0
github.com/whatap/golib/util/urlutil/URL.go:155.34,157.25 2 0
github.com/whatap/golib/util/urlutil/URL.go:160.2,162.24 2 0
github.com/whatap/golib/util/urlutil/URL.go:166.2,168.22 2 0
github.com/whatap/golib/util/urlutil/URL.go:171.2,171.11 1 0
github.com/whatap/golib/util/urlutil/URL.go:157.25,159.3 1 0
github.com/whatap/golib/util/urlutil/URL.go:162.24,164.3 1 0
github.com/whatap/golib/util/urlutil/URL.go:168.22,170.3 1 0
github.com/whatap/golib/util/urlutil/URL.go:174.34,176.25 2 0
github.com/whatap/golib/util/urlutil/URL.go:179.2,180.11 2 0
github.com/whatap/golib/util/urlutil/URL.go:176.25,178.3 1 0
github.com/whatap/golib/util/urlutil/URL.go:183.38,185.25 2 0
github.com/whatap/golib/util/urlutil/URL.go:188.2,190.24 2 0
github.com/whatap/golib/util/urlutil/URL.go:194.2,195.11 2 0
github.com/whatap/golib/util/urlutil/URL.go:185.25,187.3 1 0
github.com/whatap/golib/util/urlutil/URL.go:190.24,192.3 1 0
